<?xml version="1.0" encoding="UTF-8"?>
<!-- Generated by org.testng.reporters.JUnitXMLReporter -->
<testsuite hostname="URMILA" ignored="0" name="Default test" tests="4" failures="0" timestamp="2020-09-15T22:40:47 IST" time="79.475" errors="0">
  <testcase name="verifyLoginPageTitle" time="0.102" classname="com.zeroBank.qa.TestCases.LoginPageTest"/>
  <testcase name="verifyLoginTest" time="5.735" classname="com.zeroBank.qa.TestCases.LoginPageTest"/>
  <testcase name="verifyWrongLoginTest" time="2.79" classname="com.zeroBank.qa.TestCases.LoginPageTest"/>
  <testcase name="verifyForgotPasswordTest" time="2.272" classname="com.zeroBank.qa.TestCases.LoginPageTest"/>
</testsuite> <!-- Default test -->
